2018-12-02 11:52:34,233 - access - ERROR - 1用户输入错误超过3次，该用户被锁定
2018-12-02 11:52:34,233 - access - ERROR - 1用户输入错误超过3次，该用户被锁定
2018-12-02 11:54:18,765 - access - INFO - xiaobai用户登录成功
2018-12-02 11:54:18,765 - access - INFO - xiaobai用户登录成功
2018-12-02 11:54:36,771 - access - INFO - xiaobai用户登录成功
2018-12-02 11:54:36,771 - access - INFO - xiaobai用户登录成功
2018-12-02 11:57:33,757 - access - INFO - xiaobai用户登录成功
2018-12-02 11:58:27,018 - access - ERROR - 1用户输入错误超过3次，该用户被锁定
2018-12-02 11:59:27,017 - access - ERROR - 1用户输入错误超过3次，该用户被锁定
2018-12-02 12:02:36,890 - access - ERROR - 2用户输入错误超过3次，该用户被锁定
2018-12-02 19:34:04,153 - access - ERROR - 2id用户输入错误超过3次，该用户被锁定
2018-12-02 19:38:14,329 - access - ERROR - 不存在用户输入错误超过3次，退出程序
2018-12-02 19:38:54,608 - access - ERROR - 不存在用户输入错误超过3次，退出程序
2018-12-02 19:39:49,117 - access - INFO - xiaobai用户登录成功
2018-12-02 19:40:52,729 - access - ERROR - xiaobai用户输入错误超过3次，该用户被锁定
2018-12-02 19:44:01,497 - access - ERROR - xiaobai用户输入错误超过3次，该用户被锁定
2018-12-02 19:44:33,641 - access - ERROR - 不存在用户输入错误超过3次，退出程序
2018-12-02 19:50:45,954 - access - ERROR - 不存在用户累计输入错误超过3次，退出程序
2018-12-02 19:51:09,905 - access - ERROR - 不存在用户累计输入错误超过3次，退出程序
2018-12-02 19:52:54,153 - access - INFO - xiaobai用户登录成功
2018-12-02 19:53:03,022 - access - ERROR - 不存在用户累计输入错误超过3次，退出程序
2018-12-02 19:56:15,168 - access - ERROR - 不存在用户累计输入错误超过3次，退出程序
2018-12-02 20:02:03,126 - access - ERROR - 不存在用户累计输入错误超过3次，退出程序
2018-12-02 20:02:16,650 - access - ERROR - 不存在用户累计输入错误超过3次，退出程序
2018-12-02 20:02:22,672 - access - ERROR - 不存在用户累计输入错误超过3次，退出程序
2018-12-02 20:02:42,642 - access - ERROR - 不存在用户累计输入错误超过3次，退出程序
2018-12-02 20:02:48,074 - access - ERROR - 不存在用户累计输入错误超过3次，退出程序
2018-12-02 20:11:08,872 - access - ERROR - 不存在用户累计输入错误超过3次，退出程序
2018-12-02 20:11:26,466 - access - ERROR - xiaobai用户输入错误超过3次，该用户被锁定
2018-12-02 20:13:08,131 - access - ERROR - xiaobai用户输入错误超过3次，该用户被锁定
2018-12-02 20:13:31,755 - access - ERROR - xiaobai用户输入错误超过3次，该用户被锁定
2018-12-02 20:13:50,678 - access - ERROR - xiaobai用户输入错误超过3次，该用户被锁定
2018-12-02 20:19:45,074 - access - ERROR - xiaobai用户输入错误超过3次，该用户被锁定
2018-12-02 20:21:12,418 - access - ERROR - xiaobai用户输入错误超过3次，该用户被锁定
2018-12-02 21:04:07,921 - access - INFO - xiaobai用户登录成功
2018-12-02 21:04:07,921 - access - INFO - xiaobai用户登录成功
2018-12-02 21:06:08,382 - access - INFO - xiaobai用户登录成功
2018-12-02 21:06:08,382 - access - INFO - xiaobai用户登录成功
2018-12-02 21:06:26,268 - access - INFO - xiaobai用户登录成功
2018-12-02 21:06:26,268 - access - INFO - xiaobai用户登录成功
2018-12-02 21:06:37,669 - access - INFO - xiaobai用户登录成功
2018-12-02 21:06:37,669 - access - INFO - xiaobai用户登录成功
2018-12-02 21:08:39,326 - access - INFO - xiaobai用户登录成功
2018-12-02 21:08:39,326 - access - INFO - xiaobai用户登录成功
2018-12-02 21:11:23,375 - access - INFO - xiaobai用户登录成功
2018-12-02 21:11:23,375 - access - INFO - xiaobai用户登录成功
2018-12-02 21:13:18,810 - access - INFO - xiaobai用户登录成功
2018-12-02 21:13:18,810 - access - INFO - xiaobai用户登录成功
2018-12-02 21:15:38,899 - access - INFO - xiaobai用户登录成功
2018-12-02 21:17:19,693 - access - INFO - xiaobai用户登录成功
2018-12-02 21:24:59,755 - access - INFO - xiaobai用户登录成功
2018-12-02 21:26:47,117 - access - INFO - xiaobai用户登录成功
2018-12-02 21:27:21,310 - access - INFO - xiaobai用户登录成功
2018-12-02 21:27:44,987 - access - INFO - xiaobai用户登录成功
2018-12-02 21:28:27,138 - access - INFO - xiaobai用户登录成功
2018-12-03 22:14:12,143 - access - INFO - xiaobai用户登录成功
2018-12-03 22:18:12,169 - access - INFO - xiaobai用户登录成功
2018-12-03 22:18:55,348 - access - INFO - xiaobai用户登录成功
2018-12-03 22:20:11,553 - access - INFO - xiaobai用户登录成功
2018-12-03 22:21:42,351 - access - INFO - xiaobai用户登录成功
2018-12-03 22:22:42,040 - access - INFO - xiaobai用户登录成功
2018-12-03 22:24:33,856 - access - INFO - xiaobai用户登录成功
2018-12-03 22:25:37,366 - access - INFO - xiaobai用户登录成功
2018-12-03 22:26:01,784 - access - INFO - xiaobai用户登录成功
2018-12-03 22:34:25,776 - access - INFO - xiaobai用户登录成功
2018-12-03 22:34:41,598 - access - INFO - xiaobai用户登录成功
2018-12-03 22:38:07,447 - access - INFO - xiaobai用户登录成功
2018-12-03 22:39:49,593 - access - INFO - xiaobai用户登录成功
2018-12-03 22:40:19,120 - access - INFO - xiaobai用户登录成功
2018-12-03 22:41:16,254 - access - INFO - xiaobai用户登录成功
2018-12-03 22:41:57,408 - access - INFO - xiaobai用户登录成功
2018-12-03 22:44:35,784 - access - INFO - xiaobai用户登录成功
2018-12-10 17:04:33,542 - access - INFO - xiaobai用户登录成功
2018-12-10 17:52:19,651 - access - INFO - xiaobai用户登录成功
2018-12-10 17:54:24,485 - access - INFO - xiaobai用户登录成功
2018-12-10 17:54:30,800 - access - INFO - xiaobai用户登录成功
2018-12-10 17:54:30,800 - access - INFO - xiaobai用户登录成功
2018-12-10 17:56:27,636 - access - INFO - xiaobai用户登录成功
2018-12-10 17:56:31,070 - access - INFO - xiaobai用户登录成功
2018-12-10 17:56:31,070 - access - INFO - xiaobai用户登录成功
2018-12-10 17:58:46,101 - access - INFO - xiaobai用户登录成功
2018-12-10 17:58:49,061 - access - INFO - xiaobai用户登录成功
2018-12-10 17:58:49,061 - access - INFO - xiaobai用户登录成功
2018-12-10 18:00:13,681 - access - INFO - xiaobai用户登录成功
2018-12-10 18:00:19,374 - access - INFO - xiaobai用户登录成功
2018-12-10 18:00:19,374 - access - INFO - xiaobai用户登录成功
2018-12-10 18:08:29,032 - access - INFO - xiaobai用户登录成功
2018-12-10 18:08:29,032 - access - INFO - xiaobai用户登录成功
2018-12-10 18:11:33,305 - access - INFO - xiaobai用户登录成功
2018-12-10 18:11:33,305 - access - INFO - xiaobai用户登录成功
2018-12-10 18:11:39,662 - access - INFO - xiaobai用户登录成功
2018-12-10 18:11:39,662 - access - INFO - xiaobai用户登录成功
2018-12-10 18:12:13,536 - access - INFO - xiaobai用户登录成功
2018-12-10 19:52:07,620 - access - INFO - xiaobai用户登录成功
2018-12-10 20:02:34,390 - access - INFO - xiaobai用户登录成功
2018-12-10 20:02:37,051 - access - INFO - xiaobai用户登录成功
2018-12-10 20:02:47,688 - access - INFO - xiaobai用户登录成功
2018-12-10 20:02:54,465 - access - ERROR - xiaobai用户输入错误超过3次，该用户被锁定
2018-12-10 20:03:36,153 - access - ERROR - xiaobai用户输入错误超过3次，该用户被锁定
2018-12-10 20:07:10,728 - access - INFO - xiaobai用户登录成功
2018-12-10 20:07:14,024 - access - ERROR - xiaobai用户输入错误超过3次，该用户被锁定
2018-12-10 20:07:26,480 - access - ERROR - xiaobai用户输入错误超过3次，该用户被锁定
2018-12-10 20:32:05,899 - access - INFO - xiaobai用户登录成功
2018-12-10 20:32:10,400 - access - INFO - xiaobai用户登录成功
2018-12-10 21:55:30,075 - access - INFO - xiaoming用户登录成功
2018-12-10 21:56:07,409 - access - INFO - xiaoming用户登录成功
2018-12-10 21:57:15,838 - access - INFO - xiaoming用户登录成功
2018-12-10 21:58:05,920 - access - INFO - xiaoming用户登录成功
2018-12-10 22:59:03,818 - access - INFO - xiaoming用户登录成功
2018-12-10 22:59:32,774 - access - INFO - xiaobai用户登录成功
2018-12-15 11:36:54,964 - access - INFO - xiaobai用户登录成功
2018-12-15 11:37:28,607 - access - INFO - xiaobai用户登录成功
2018-12-15 11:37:53,464 - access - INFO - xiaobai用户登录成功
2018-12-15 11:38:34,077 - access - INFO - xiaoming用户登录成功
2018-12-15 11:41:00,793 - access - INFO - admin用户登录成功
2018-12-15 11:41:31,076 - access - INFO - admin用户登录成功
2018-12-15 14:17:19,156 - access - INFO - admin用户登录成功
2018-12-15 14:19:36,162 - access - INFO - admin用户登录成功
2018-12-15 14:19:57,657 - access - INFO - admin用户登录成功
2018-12-15 15:13:48,083 - access - INFO - admin用户登录成功
2018-12-15 15:14:55,432 - access - INFO - admin用户登录成功
2018-12-15 15:17:06,536 - access - INFO - admin用户登录成功
2018-12-15 15:18:02,049 - access - INFO - liu用户登录成功
2018-12-15 15:45:20,394 - access - INFO - admin用户登录成功
2018-12-15 15:48:46,884 - access - INFO - admin用户登录成功
2018-12-15 15:49:28,625 - access - INFO - liu用户登录成功
2018-12-15 15:50:28,104 - access - INFO - admin用户登录成功
2018-12-15 15:51:16,920 - access - INFO - admin用户登录成功
2018-12-15 15:51:36,640 - access - INFO - admin用户登录成功
2018-12-15 15:52:58,785 - access - INFO - admin用户登录成功
2018-12-15 15:53:18,063 - access - INFO - admin用户登录成功
2018-12-15 15:53:27,302 - access - INFO - admin用户登录成功
2018-12-15 15:53:44,786 - access - INFO - admin用户登录成功
2018-12-15 15:53:59,583 - access - INFO - admin用户登录成功
2018-12-15 15:54:32,387 - access - ERROR - liu用户输入错误超过3次，该用户被锁定
2018-12-15 15:59:17,600 - access - INFO - xiaobai用户登录成功
2018-12-15 16:03:02,559 - access - ERROR - 不存在用户或注销用户累计输入错误超过3次，退出程序
2018-12-15 16:03:22,257 - access - INFO - admin用户登录成功
2018-12-15 16:04:21,920 - access - INFO - admin用户登录成功
2018-12-15 16:08:32,307 - access - INFO - 菜用户登录成功
2018-12-15 16:09:06,578 - access - INFO - 菜用户登录成功
2018-12-15 16:09:25,315 - access - INFO - 菜用户登录成功
